<?xml version="1.0" encoding="UTF-8"?>
<!-- Generated by org.testng.reporters.JUnitReportReporter -->
<testsuite hostname="NDI-LAP-295" failures="0" tests="3" name="com.Cucumber_BDD_Hybrid.stepDefinitions.AutomationDemoSiteVerification" time="150.987" errors="0" timestamp="2024-08-12T12:12:23 IST" skipped="0">
  <testcase classname="com.Cucumber_BDD_Hybrid.stepDefinitions.AutomationDemoSiteVerification" name="runScenario" time="64.014"/>
  <system-out>
    <![CDATA[Element [[ChromeDriver: chrome on WINDOWS (426ea471310a451fe75c74139089c607)] -> xpath: //*[contains(text(),'Skills')]/following-sibling::*//*[@id='Skills']] could not be clicked! element click intercepted: Element <select type="text" class="form-control ng-pristine ng-untouched ng-valid" id="Skills" ng-model="Skill" ng-init="Skill=''">...</select> is not clickable at point (613, 174). Other element would receive the click: <a style="text-decoration:none" class="ui-corner-all">...</a>
  (Session info: chrome=127.0.6533.100)
Build info: version: '3.141.59', revision: 'e82be7d358', time: '2018-11-14T08:17:03'
System info: host: 'NDI-LAP-295', ip: '192.168.0.101', os.name: 'Windows 11', os.arch: 'amd64', os.version: '10.0', java.version: '21.0.4'
Driver info: org.openqa.selenium.chrome.ChromeDriver
Capabilities {acceptInsecureCerts: false, browserName: chrome, browserVersion: 127.0.6533.100, chrome: {chromedriverVersion: 127.0.6533.99 (f31af5097d90..., userDataDir: C:\Users\AVINAS~1.BAN\AppDa...}, fedcm:accounts: true, goog:chromeOptions: {debuggerAddress: localhost:54422}, javascriptEnabled: true, networkConnectionEnabled: false, pageLoadStrategy: normal, platform: WINDOWS, platformName: WINDOWS, proxy: Proxy(), setWindowRect: true, strictFileInteractability: false, timeouts: {implicit: 0, pageLoad: 300000, script: 30000}, unhandledPromptBehavior: dismiss and notify, webauthn:extension:credBlob: true, webauthn:extension:largeBlob: true, webauthn:extension:minPinLength: true, webauthn:extension:prf: true, webauthn:virtualAuthenticators: true}
Session ID: 426ea471310a451fe75c74139089c607]]>
  </system-out>
  <testcase classname="com.Cucumber_BDD_Hybrid.stepDefinitions.AutomationDemoSiteVerification" name="runScenario" time="17.517"/>
  <system-out/>
  <testcase classname="com.Cucumber_BDD_Hybrid.stepDefinitions.AutomationDemoSiteVerification" name="runScenario" time="69.456"/>
  <system-out>
    <![CDATA[Element [[ChromeDriver: chrome on WINDOWS (b6c0f35618ef2661c8925d4b55fdf7a1)] -> xpath: //*[contains(text(),'Skills')]/following-sibling::*//*[@id='Skills']] could not be clicked! element click intercepted: Element <select type="text" class="form-control ng-pristine ng-untouched ng-valid" id="Skills" ng-model="Skill" ng-init="Skill=''">...</select> is not clickable at point (613, 279). Other element would receive the click: <a style="text-decoration:none" class="ui-corner-all">...</a>
  (Session info: chrome=127.0.6533.100)
Build info: version: '3.141.59', revision: 'e82be7d358', time: '2018-11-14T08:17:03'
System info: host: 'NDI-LAP-295', ip: '192.168.0.101', os.name: 'Windows 11', os.arch: 'amd64', os.version: '10.0', java.version: '21.0.4'
Driver info: org.openqa.selenium.chrome.ChromeDriver
Capabilities {acceptInsecureCerts: false, browserName: chrome, browserVersion: 127.0.6533.100, chrome: {chromedriverVersion: 127.0.6533.99 (f31af5097d90..., userDataDir: C:\Users\AVINAS~1.BAN\AppDa...}, fedcm:accounts: true, goog:chromeOptions: {debuggerAddress: localhost:54346}, javascriptEnabled: true, networkConnectionEnabled: false, pageLoadStrategy: normal, platform: WINDOWS, platformName: WINDOWS, proxy: Proxy(), setWindowRect: true, strictFileInteractability: false, timeouts: {implicit: 0, pageLoad: 300000, script: 30000}, unhandledPromptBehavior: dismiss and notify, webauthn:extension:credBlob: true, webauthn:extension:largeBlob: true, webauthn:extension:minPinLength: true, webauthn:extension:prf: true, webauthn:virtualAuthenticators: true}
Session ID: b6c0f35618ef2661c8925d4b55fdf7a1]]>
  </system-out>
</testsuite> <!-- com.Cucumber_BDD_Hybrid.stepDefinitions.AutomationDemoSiteVerification -->
